<?xml version="1.0" encoding="UTF-8"?>
<coverage generated="1670476382437" clover="3.2.0">
  <project timestamp="1670476382437" name="All files">
    <metrics statements="12" coveredstatements="12" conditionals="2" coveredconditionals="2" methods="1" coveredmethods="1" elements="15" coveredelements="15" complexity="0" loc="12" ncloc="12" packages="1" files="1" classes="1"/>
    <file name="main.js" path="C:\Users\adnen\OneDrive\Desktop\testing_javascript\src\main.js">
      <metrics statements="12" coveredstatements="12" conditionals="2" coveredconditionals="2" methods="1" coveredmethods="1"/>
      <line num="6" count="1" type="stmt"/>
      <line num="7" count="1" type="stmt"/>
      <line num="8" count="4" type="stmt"/>
      <line num="9" count="4" type="stmt"/>
      <line num="10" count="4" type="stmt"/>
      <line num="11" count="16" type="stmt"/>
      <line num="12" count="16" type="stmt"/>
      <line num="13" count="16" type="cond" truecount="2" falsecount="0"/>
      <line num="14" count="4" type="stmt"/>
      <line num="16" count="16" type="stmt"/>
      <line num="18" count="4" type="stmt"/>
      <line num="20" count="1" type="stmt"/>
    </file>
  </project>
</coverage>
