{"C:\\Users\\adnen\\OneDrive\\Desktop\\testing_javascript\\src\\main.js": {"path":"C:\\Users\\adnen\\OneDrive\\Desktop\\testing_javascript\\src\\main.js","statementMap":{"0":{"start":{"line":6,"column":0},"end":{"line":6,"column":26}},"1":{"start":{"line":7,"column":13},"end":{"line":19,"column":1}},"2":{"start":{"line":8,"column":17},"end":{"line":8,"column":19}},"3":{"start":{"line":9,"column":15},"end":{"line":9,"column":17}},"4":{"start":{"line":10,"column":4},"end":{"line":17,"column":5}},"5":{"start":{"line":10,"column":17},"end":{"line":10,"column":18}},"6":{"start":{"line":11,"column":22},"end":{"line":11,"column":29}},"7":{"start":{"line":12,"column":25},"end":{"line":12,"column":41}},"8":{"start":{"line":13,"column":8},"end":{"line":15,"column":9}},"9":{"start":{"line":14,"column":12},"end":{"line":14,"column":47}},"10":{"start":{"line":16,"column":8},"end":{"line":16,"column":26}},"11":{"start":{"line":18,"column":4},"end":{"line":18,"column":18}},"12":{"start":{"line":20,"column":0},"end":{"line":20,"column":28}}},"fnMap":{"0":{"name":"(anonymous_0)","decl":{"start":{"line":7,"column":13},"end":{"line":7,"column":14}},"loc":{"start":{"line":7,"column":37},"end":{"line":19,"column":1}},"line":7}},"branchMap":{"0":{"loc":{"start":{"line":13,"column":8},"end":{"line":15,"column":9}},"type":"if","locations":[{"start":{"line":13,"column":8},"end":{"line":15,"column":9}},{"start":{},"end":{}}],"line":13}},"s":{"0":1,"1":1,"2":4,"3":4,"4":4,"5":4,"6":16,"7":16,"8":16,"9":4,"10":16,"11":4,"12":1},"f":{"0":4},"b":{"0":[4,12]},"inputSourceMap":null,"_coverageSchema":"1a1c01bbd47fc00a2c39e90264f33305004495a9","hash":"1612becd1b7666298d0d08a2736cd5e70563c83a"}
}
