{"C:\\Users\\adnen\\OneDrive\\Desktop\\testing_javascript\\twoSum.ts": {"path":"C:\\Users\\adnen\\OneDrive\\Desktop\\testing_javascript\\twoSum.ts","statementMap":{"0":{"start":{"line":10,"column":15},"end":{"line":23,"column":1}},"1":{"start":{"line":11,"column":31},"end":{"line":11,"column":33}},"2":{"start":{"line":12,"column":27},"end":{"line":12,"column":29}},"3":{"start":{"line":13,"column":4},"end":{"line":20,"column":null}},"4":{"start":{"line":13,"column":17},"end":{"line":13,"column":18}},"5":{"start":{"line":14,"column":21},"end":{"line":14,"column":28}},"6":{"start":{"line":15,"column":24},"end":{"line":15,"column":40}},"7":{"start":{"line":16,"column":7},"end":{"line":18,"column":null}},"8":{"start":{"line":17,"column":8},"end":{"line":17,"column":null}},"9":{"start":{"line":19,"column":8},"end":{"line":19,"column":26}},"10":{"start":{"line":22,"column":2},"end":{"line":22,"column":16}},"11":{"start":{"line":25,"column":0},"end":{"line":25,"column":22}}},"fnMap":{"0":{"name":"(anonymous_0)","decl":{"start":{"line":10,"column":15},"end":{"line":10,"column":16}},"loc":{"start":{"line":10,"column":59},"end":{"line":23,"column":1}}}},"branchMap":{"0":{"loc":{"start":{"line":16,"column":7},"end":{"line":18,"column":null}},"type":"if","locations":[{"start":{"line":16,"column":7},"end":{"line":18,"column":null}}]}},"s":{"0":1,"1":4,"2":4,"3":4,"4":4,"5":16,"6":16,"7":16,"8":4,"9":16,"10":4,"11":1},"f":{"0":4},"b":{"0":[4]}}
}
